# JRE version: Java(TM) SE Runtime Environment (8.0_241-b07) (build 1.8.0_241-b07)
# Java VM: Java HotSpot(TM) 64-Bit Server VM (25.241-b07 mixed mode windows-amd64 compressed oops)
Heap:
 PSYoungGen      total 507904K, used 48112K [0x00000000d5700000, 0x00000000fe700000, 0x0000000100000000)
  eden space 459776K, 0% used [0x00000000d5700000,0x00000000d5700000,0x00000000f1800000)
  from space 48128K, 99% used [0x00000000fb680000,0x00000000fe57c290,0x00000000fe580000)
  to   space 105472K, 0% used [0x00000000f1800000,0x00000000f1800000,0x00000000f7f00000)
 ParOldGen       total 1395712K, used 567077K [0x0000000080400000, 0x00000000d5700000, 0x00000000d5700000)
  object space 1395712K, 40% used [0x0000000080400000,0x00000000a2dc9618,0x00000000d5700000)
 Metaspace       used 15177K, capacity 15478K, committed 15872K, reserved 1062912K
  class space    used 1822K, capacity 1930K, committed 2048K, reserved 1048576K
GC Heap History (10 events):
Event: 82.158 GC heap after
Heap after GC invocations=140 (full 117):
 PSYoungGen      total 479232K, used 45033K [0x00000000d5700000, 0x00000000fe600000, 0x0000000100000000)
  eden space 434176K, 0% used [0x00000000d5700000,0x00000000d5700000,0x00000000eff00000)
  from space 45056K, 99% used [0x00000000eff00000,0x00000000f2afa450,0x00000000f2b00000)
  to   space 48640K, 0% used [0x00000000fb680000,0x00000000fb680000,0x00000000fe600000)
 ParOldGen       total 1395712K, used 542621K [0x0000000080400000, 0x00000000d5700000, 0x00000000d5700000)
  object space 1395712K, 38% used [0x0000000080400000,0x00000000a15e7618,0x00000000d5700000)
 Metaspace       used 15177K, capacity 15478K, committed 15872K, reserved 1062912K
  class space    used 1822K, capacity 1930K, committed 2048K, reserved 1048576K
}
Event: 82.394 GC heap before
{Heap before GC invocations=141 (full 117):
 PSYoungGen      total 479232K, used 479209K [0x00000000d5700000, 0x00000000fe600000, 0x0000000100000000)
  eden space 434176K, 100% used [0x00000000d5700000,0x00000000eff00000,0x00000000eff00000)
  from space 45056K, 99% used [0x00000000eff00000,0x00000000f2afa450,0x00000000f2b00000)
  to   space 48640K, 0% used [0x00000000fb680000,0x00000000fb680000,0x00000000fe600000)
 ParOldGen       total 1395712K, used 542621K [0x0000000080400000, 0x00000000d5700000, 0x00000000d5700000)
  object space 1395712K, 38% used [0x0000000080400000,0x00000000a15e7618,0x00000000d5700000)
 Metaspace       used 15177K, capacity 15478K, committed 15872K, reserved 1062912K
  class space    used 1822K, capacity 1930K, committed 2048K, reserved 1048576K
Event: 82.417 GC heap after
Heap after GC invocations=141 (full 117):
 PSYoungGen      total 496128K, used 45392K [0x00000000d5700000, 0x00000000fe580000, 0x0000000100000000)
  eden space 448000K, 0% used [0x00000000d5700000,0x00000000d5700000,0x00000000f0c80000)
  from space 48128K, 94% used [0x00000000fb680000,0x00000000fe2d4370,0x00000000fe580000)
  to   space 111104K, 0% used [0x00000000f0c80000,0x00000000f0c80000,0x00000000f7900000)
 ParOldGen       total 1395712K, used 547733K [0x0000000080400000, 0x00000000d5700000, 0x00000000d5700000)
  object space 1395712K, 39% used [0x0000000080400000,0x00000000a1ae5618,0x00000000d5700000)
 Metaspace       used 15177K, capacity 15478K, committed 15872K, reserved 1062912K
  class space    used 1822K, capacity 1930K, committed 2048K, reserved 1048576K
}
Event: 82.647 GC heap before
{Heap before GC invocations=142 (full 117):
 PSYoungGen      total 496128K, used 493392K [0x00000000d5700000, 0x00000000fe580000, 0x0000000100000000)
  eden space 448000K, 100% used [0x00000000d5700000,0x00000000f0c80000,0x00000000f0c80000)
  from space 48128K, 94% used [0x00000000fb680000,0x00000000fe2d4370,0x00000000fe580000)
  to   space 111104K, 0% used [0x00000000f0c80000,0x00000000f0c80000,0x00000000f7900000)
 ParOldGen       total 1395712K, used 547733K [0x0000000080400000, 0x00000000d5700000, 0x00000000d5700000)
  object space 1395712K, 39% used [0x0000000080400000,0x00000000a1ae5618,0x00000000d5700000)
 Metaspace       used 15177K, capacity 15478K, committed 15872K, reserved 1062912K
  class space    used 1822K, capacity 1930K, committed 2048K, reserved 1048576K
Event: 82.669 GC heap after
Heap after GC invocations=142 (full 117):
 PSYoungGen      total 559104K, used 50904K [0x00000000d5700000, 0x00000000fe580000, 0x0000000100000000)
  eden space 448000K, 0% used [0x00000000d5700000,0x00000000d5700000,0x00000000f0c80000)
  from space 111104K, 45% used [0x00000000f0c80000,0x00000000f3e36360,0x00000000f7900000)
  to   space 48128K, 0% used [0x00000000fb680000,0x00000000fb680000,0x00000000fe580000)
 ParOldGen       total 1395712K, used 547733K [0x0000000080400000, 0x00000000d5700000, 0x00000000d5700000)
  object space 1395712K, 39% used [0x0000000080400000,0x00000000a1ae5618,0x00000000d5700000)
 Metaspace       used 15177K, capacity 15478K, committed 15872K, reserved 1062912K
  class space    used 1822K, capacity 1930K, committed 2048K, reserved 1048576K
}
Event: 82.922 GC heap before
{Heap before GC invocations=143 (full 117):
 PSYoungGen      total 559104K, used 498586K [0x00000000d5700000, 0x00000000fe580000, 0x0000000100000000)
  eden space 448000K, 99% used [0x00000000d5700000,0x00000000f0c30778,0x00000000f0c80000)
  from space 111104K, 45% used [0x00000000f0c80000,0x00000000f3e36360,0x00000000f7900000)
  to   space 48128K, 0% used [0x00000000fb680000,0x00000000fb680000,0x00000000fe580000)
 ParOldGen       total 1395712K, used 547733K [0x0000000080400000, 0x00000000d5700000, 0x00000000d5700000)
  object space 1395712K, 39% used [0x0000000080400000,0x00000000a1ae5618,0x00000000d5700000)
 Metaspace       used 15177K, capacity 15478K, committed 15872K, reserved 1062912K
  class space    used 1822K, capacity 1930K, committed 2048K, reserved 1048576K
Event: 82.951 GC heap after
Heap after GC invocations=143 (full 117):
 PSYoungGen      total 507904K, used 48096K [0x00000000d5700000, 0x00000000fe600000, 0x0000000100000000)
  eden space 459776K, 0% used [0x00000000d5700000,0x00000000d5700000,0x00000000f1800000)
  from space 48128K, 99% used [0x00000000fb680000,0x00000000fe578300,0x00000000fe580000)
  to   space 105472K, 0% used [0x00000000f1800000,0x00000000f1800000,0x00000000f7f00000)
 ParOldGen       total 1395712K, used 556013K [0x0000000080400000, 0x00000000d5700000, 0x00000000d5700000)
  object space 1395712K, 39% used [0x0000000080400000,0x00000000a22fb618,0x00000000d5700000)
 Metaspace       used 15177K, capacity 15478K, committed 15872K, reserved 1062912K
  class space    used 1822K, capacity 1930K, committed 2048K, reserved 1048576K
}
Event: 83.247 GC heap before
{Heap before GC invocations=144 (full 117):
 PSYoungGen      total 507904K, used 507872K [0x00000000d5700000, 0x00000000fe600000, 0x0000000100000000)
  eden space 459776K, 100% used [0x00000000d5700000,0x00000000f1800000,0x00000000f1800000)
  from space 48128K, 99% used [0x00000000fb680000,0x00000000fe578300,0x00000000fe580000)
  to   space 105472K, 0% used [0x00000000f1800000,0x00000000f1800000,0x00000000f7f00000)
 ParOldGen       total 1395712K, used 556013K [0x0000000080400000, 0x00000000d5700000, 0x00000000d5700000)
  object space 1395712K, 39% used [0x0000000080400000,0x00000000a22fb618,0x00000000d5700000)
 Metaspace       used 15177K, capacity 15478K, committed 15872K, reserved 1062912K
  class space    used 1822K, capacity 1930K, committed 2048K, reserved 1048576K
Event: 83.286 GC heap after
Heap after GC invocations=144 (full 117):
 PSYoungGen      total 565248K, used 50004K [0x00000000d5700000, 0x00000000fe600000, 0x0000000100000000)
  eden space 459776K, 0% used [0x00000000d5700000,0x00000000d5700000,0x00000000f1800000)
  from space 105472K, 47% used [0x00000000f1800000,0x00000000f48d5178,0x00000000f7f00000)
  to   space 48128K, 0% used [0x00000000fb680000,0x00000000fb680000,0x00000000fe580000)
 ParOldGen       total 1395712K, used 559293K [0x0000000080400000, 0x00000000d5700000, 0x00000000d5700000)
  object space 1395712K, 40% used [0x0000000080400000,0x00000000a262f618,0x00000000d5700000)
 Metaspace       used 15177K, capacity 15478K, committed 15872K, reserved 1062912K
  class space    used 1822K, capacity 1930K, committed 2048K, reserved 1048576K
}
Event: 83.584 GC heap before
{Heap before GC invocations=145 (full 117):
 PSYoungGen      total 565248K, used 509780K [0x00000000d5700000, 0x00000000fe600000, 0x0000000100000000)
  eden space 459776K, 100% used [0x00000000d5700000,0x00000000f1800000,0x00000000f1800000)
  from space 105472K, 47% used [0x00000000f1800000,0x00000000f48d5178,0x00000000f7f00000)
  to   space 48128K, 0% used [0x00000000fb680000,0x00000000fb680000,0x00000000fe580000)
 ParOldGen       total 1395712K, used 559293K [0x0000000080400000, 0x00000000d5700000, 0x00000000d5700000)
  object space 1395712K, 40% used [0x0000000080400000,0x00000000a262f618,0x00000000d5700000)
 Metaspace       used 15177K, capacity 15478K, committed 15872K, reserved 1062912K
  class space    used 1822K, capacity 1930K, committed 2048K, reserved 1048576K

